<?xml version="1.0" encoding="UTF-8"?>
<!-- Generated by org.testng.reporters.JUnitReportReporter -->
<testsuite hostname="Rudmila" failures="0" tests="1" name="Test.VerifyLoginPage" time="8.405" errors="0" timestamp="2022-08-02T10:27:26 EDT" skipped="0">
  <testcase classname="Test.VerifyLoginPage" name="verifyErrorCreateAnAccountWithValidEmailIdAlreadyExist" time="8.405"/>
  <system-out/>
</testsuite> <!-- Test.VerifyLoginPage -->
