<?xml version="1.0" encoding="UTF-8"?>
<!-- Generated by org.testng.reporters.JUnitReportReporter -->
<testsuite hostname="Rudmila" failures="0" tests="2" name="Test.TestNgTutorial" time="0.005" errors="0" timestamp="2022-07-22T10:00:30 EDT" skipped="0">
  <testcase classname="Test.TestNgTutorial" name="verifyTest" time="0.004"/>
  <system-out/>
  <testcase classname="Test.TestNgTutorial" name="verifyTest" time="0.001"/>
  <system-out/>
</testsuite> <!-- Test.TestNgTutorial -->
