<?xml version="1.0" encoding="UTF-8"?>
<!-- Generated by org.testng.reporters.JUnitReportReporter -->
<testsuite hostname="Rudmila" failures="0" tests="2" name="TestNgTutorial" time="0.007" errors="0" timestamp="2022-07-19T09:47:05 EDT" skipped="0">
  <testcase classname="TestNgTutorial" name="verifyTest1" time="0.001"/>
  <system-out/>
  <testcase classname="TestNgTutorial" name="verifyTest" time="0.006"/>
  <system-out/>
</testsuite> <!-- TestNgTutorial -->
